<?xml version="1.0" encoding="UTF-8"?>
<testsuite name="edu.miu.cse.userprofile.UserProfileApplicationTests" tests="1" skipped="0" failures="0" errors="0" timestamp="2024-11-25T15:56:12" hostname="MSI" time="0.525">
  <properties/>
  <testcase name="contextLoads()" classname="edu.miu.cse.userprofile.UserProfileApplicationTests" time="0.525"/>
  <system-out><![CDATA[09:56:08.782 [Test worker] INFO org.springframework.test.context.support.AnnotationConfigContextLoaderUtils -- Could not detect default configuration classes for test class [edu.miu.cse.userprofile.UserProfileApplicationTests]: UserProfileApplicationTests does not declare any static, non-private, non-final, nested classes annotated with @Configuration.
09:56:08.861 [Test worker] INFO org.springframework.boot.test.context.SpringBootTestContextBootstrapper -- Found @SpringBootConfiguration edu.miu.cse.userprofile.UserProfileApplication for test class edu.miu.cse.userprofile.UserProfileApplicationTests

  .   ____          _            __ _ _
 /\\ / ___'_ __ _ _(_)_ __  __ _ \ \ \ \
( ( )\___ | '_ | '_| | '_ \/ _` | \ \ \ \
 \\/  ___)| |_)| | | | | || (_| |  ) ) ) )
  '  |____| .__|_| |_|_| |_\__, | / / / /
 =========|_|==============|___/=/_/_/_/

 :: Spring Boot ::                (v3.3.5)

2024-11-25T09:56:09.262-06:00  INFO 4508 --- [userProfile] [    Test worker] e.m.c.u.UserProfileApplicationTests      : Starting UserProfileApplicationTests using Java 21.0.1 with PID 4508 (started by hninh in D:\MIUAugustIntake\ASD\ProfessorDemo\userprofilefullstack)
2024-11-25T09:56:09.264-06:00  INFO 4508 --- [userProfile] [    Test worker] e.m.c.u.UserProfileApplicationTests      : No active profile set, falling back to 1 default profile: "default"
2024-11-25T09:56:09.908-06:00  INFO 4508 --- [userProfile] [    Test worker] .s.d.r.c.RepositoryConfigurationDelegate : Bootstrapping Spring Data JPA repositories in DEFAULT mode.
2024-11-25T09:56:09.964-06:00  INFO 4508 --- [userProfile] [    Test worker] .s.d.r.c.RepositoryConfigurationDelegate : Finished Spring Data repository scanning in 49 ms. Found 2 JPA repository interfaces.
2024-11-25T09:56:10.421-06:00  INFO 4508 --- [userProfile] [    Test worker] o.hibernate.jpa.internal.util.LogHelper  : HHH000204: Processing PersistenceUnitInfo [name: default]
2024-11-25T09:56:10.477-06:00  INFO 4508 --- [userProfile] [    Test worker] org.hibernate.Version                    : HHH000412: Hibernate ORM core version 6.5.3.Final
2024-11-25T09:56:10.514-06:00  INFO 4508 --- [userProfile] [    Test worker] o.h.c.internal.RegionFactoryInitiator    : HHH000026: Second-level cache disabled
2024-11-25T09:56:10.788-06:00  INFO 4508 --- [userProfile] [    Test worker] o.s.o.j.p.SpringPersistenceUnitInfo      : No LoadTimeWeaver setup: ignoring JPA class transformer
2024-11-25T09:56:10.810-06:00  INFO 4508 --- [userProfile] [    Test worker] com.zaxxer.hikari.HikariDataSource       : HikariPool-1 - Starting...
2024-11-25T09:56:10.984-06:00  INFO 4508 --- [userProfile] [    Test worker] com.zaxxer.hikari.pool.HikariPool        : HikariPool-1 - Added connection org.postgresql.jdbc.PgConnection@65af05b2
2024-11-25T09:56:10.986-06:00  INFO 4508 --- [userProfile] [    Test worker] com.zaxxer.hikari.HikariDataSource       : HikariPool-1 - Start completed.
2024-11-25T09:56:11.763-06:00  INFO 4508 --- [userProfile] [    Test worker] o.h.e.t.j.p.i.JtaPlatformInitiator       : HHH000489: No JTA platform available (set 'hibernate.transaction.jta.platform' to enable JTA platform integration)
2024-11-25T09:56:11.841-06:00  INFO 4508 --- [userProfile] [    Test worker] j.LocalContainerEntityManagerFactoryBean : Initialized JPA EntityManagerFactory for persistence unit 'default'
2024-11-25T09:56:12.265-06:00  WARN 4508 --- [userProfile] [    Test worker] JpaBaseConfiguration$JpaWebConfiguration : spring.jpa.open-in-view is enabled by default. Therefore, database queries may be performed during view rendering. Explicitly configure spring.jpa.open-in-view to disable this warning
2024-11-25T09:56:12.657-06:00  INFO 4508 --- [userProfile] [    Test worker] e.m.c.u.UserProfileApplicationTests      : Started UserProfileApplicationTests in 3.659 seconds (process running for 4.627)
Optional[UserResponseDTO[username=username1, profileResponseDTO=ProfileResponseDTO[bio=I am username1., location=Fairfield]]] added
Optional[UserResponseDTO[username=username2, profileResponseDTO=ProfileResponseDTO[bio=I am username2., location=Ottumwa]]] added
]]></system-out>
  <system-err><![CDATA[WARNING: A Java agent has been loaded dynamically (C:\Users\hninh\.gradle\caches\modules-2\files-2.1\net.bytebuddy\byte-buddy-agent\1.14.19\154da3a65b4f4a909d3e5bdec55d1b2b4cbb6ce1\byte-buddy-agent-1.14.19.jar)
WARNING: If a serviceability tool is in use, please run with -XX:+EnableDynamicAgentLoading to hide this warning
WARNING: If a serviceability tool is not in use, please run with -Djdk.instrument.traceUsage for more information
WARNING: Dynamic loading of agents will be disallowed by default in a future release
]]></system-err>
</testsuite>
